<?xml version="1.0" encoding="UTF-8"?>
<!-- Generated by org.testng.reporters.JUnitXMLReporter -->
<testsuite ignored="0" hostname="THAMU" failures="0" tests="2" name="HomePage Test" time="77.343" errors="0" timestamp="2024-05-12T23:38:21 IST">
  <testcase classname="BaseTest.basetest" name="@BeforeTest setup" time="77.247">
    <failure type="org.openqa.selenium.WebDriverException" message="chrome not reachable
Build info: version: &amp;apos;3.14.0&amp;apos;, revision: &amp;apos;aacccce0&amp;apos;, time: &amp;apos;2018-08-02T20:19:58.91Z&amp;apos;
System info: host: &amp;apos;THAMU&amp;apos;, ip: &amp;apos;172.24.224.1&amp;apos;, os.name: &amp;apos;Windows 10&amp;apos;, os.arch: &amp;apos;amd64&amp;apos;, os.version: &amp;apos;10.0&amp;apos;, java.version: &amp;apos;18.0.1&amp;apos;
Driver info: driver.version: ChromeDriver
remote stacktrace: 	GetHandleVerifier [0x00007FF62D961522+60802]
	(No symbol) [0x00007FF62D8DAC22]
	(No symbol) [0x00007FF62D797B13]
	(No symbol) [0x00007FF62D783CFE]
	(No symbol) [0x00007FF62D7D493C]
	(No symbol) [0x00007FF62D7CF8D3]
	(No symbol) [0x00007FF62D7CAA64]
	(No symbol) [0x00007FF62D816037]
	(No symbol) [0x00007FF62D8156B0]
	(No symbol) [0x00007FF62D80A923]
	(No symbol) [0x00007FF62D7D8FEC]
	(No symbol) [0x00007FF62D7D9C21]
	GetHandleVerifier [0x00007FF62DC6413D+3217821]
	GetHandleVerifier [0x00007FF62DCA60D7+3488055]
	GetHandleVerifier [0x00007FF62DC9F05F+3459263]
	GetHandleVerifier [0x00007FF62DA1B866+823494]
	(No symbol) [0x00007FF62D8E5FBF]
	(No symbol) [0x00007FF62D8E0EE4]
	(No symbol) [0x00007FF62D8E1072]
	(No symbol) [0x00007FF62D8D18C4]
	BaseThreadInitThunk [0x00007FFB1F337614+20]
	RtlUserThreadStart [0x00007FFB20B626B1+33]
">
      <![CDATA[org.openqa.selenium.WebDriverException: chrome not reachable
Build info: version: '3.14.0', revision: 'aacccce0', time: '2018-08-02T20:19:58.91Z'
System info: host: 'THAMU', ip: '172.24.224.1', os.name: 'Windows 10', os.arch: 'amd64', os.version: '10.0', java.version: '18.0.1'
Driver info: driver.version: ChromeDriver
remote stacktrace: GetHandleVerifier [0x00007FF62D961522+60802]
(No symbol) [0x00007FF62D8DAC22]
(No symbol) [0x00007FF62D797B13]
(No symbol) [0x00007FF62D783CFE]
(No symbol) [0x00007FF62D7D493C]
(No symbol) [0x00007FF62D7CF8D3]
(No symbol) [0x00007FF62D7CAA64]
(No symbol) [0x00007FF62D816037]
(No symbol) [0x00007FF62D8156B0]
(No symbol) [0x00007FF62D80A923]
(No symbol) [0x00007FF62D7D8FEC]
(No symbol) [0x00007FF62D7D9C21]
GetHandleVerifier [0x00007FF62DC6413D+3217821]
GetHandleVerifier [0x00007FF62DCA60D7+3488055]
GetHandleVerifier [0x00007FF62DC9F05F+3459263]
GetHandleVerifier [0x00007FF62DA1B866+823494]
(No symbol) [0x00007FF62D8E5FBF]
(No symbol) [0x00007FF62D8E0EE4]
(No symbol) [0x00007FF62D8E1072]
(No symbol) [0x00007FF62D8D18C4]
BaseThreadInitThunk [0x00007FFB1F337614+20]
RtlUserThreadStart [0x00007FFB20B626B1+33]

at java.base/jdk.internal.reflect.DirectConstructorHandleAccessor.newInstance(DirectConstructorHandleAccessor.java:67)
at java.base/java.lang.reflect.Constructor.newInstanceWithCaller(Constructor.java:499)
at java.base/java.lang.reflect.Constructor.newInstance(Constructor.java:483)
at org.openqa.selenium.remote.W3CHandshakeResponse.lambda$new$0(W3CHandshakeResponse.java:57)
at org.openqa.selenium.remote.W3CHandshakeResponse.lambda$getResponseFunction$2(W3CHandshakeResponse.java:104)
at org.openqa.selenium.remote.ProtocolHandshake.lambda$createSession$0(ProtocolHandshake.java:122)
at java.base/java.util.stream.ReferencePipeline$3$1.accept(ReferencePipeline.java:197)
at java.base/java.util.Spliterators$ArraySpliterator.tryAdvance(Spliterators.java:1002)
at java.base/java.util.stream.ReferencePipeline.forEachWithCancel(ReferencePipeline.java:129)
at java.base/java.util.stream.AbstractPipeline.copyIntoWithCancel(AbstractPipeline.java:527)
at java.base/java.util.stream.AbstractPipeline.copyInto(AbstractPipeline.java:513)
at java.base/java.util.stream.AbstractPipeline.wrapAndCopyInto(AbstractPipeline.java:499)
at java.base/java.util.stream.FindOps$FindOp.evaluateSequential(FindOps.java:150)
at java.base/java.util.stream.AbstractPipeline.evaluate(AbstractPipeline.java:234)
at java.base/java.util.stream.ReferencePipeline.findFirst(ReferencePipeline.java:647)
at org.openqa.selenium.remote.ProtocolHandshake.createSession(ProtocolHandshake.java:125)
at org.openqa.selenium.remote.ProtocolHandshake.createSession(ProtocolHandshake.java:73)
at org.openqa.selenium.remote.HttpCommandExecutor.execute(HttpCommandExecutor.java:136)
at org.openqa.selenium.remote.service.DriverCommandExecutor.execute(DriverCommandExecutor.java:83)
at org.openqa.selenium.remote.RemoteWebDriver.execute(RemoteWebDriver.java:548)
at org.openqa.selenium.remote.RemoteWebDriver.startSession(RemoteWebDriver.java:212)
at org.openqa.selenium.remote.RemoteWebDriver.<init>(RemoteWebDriver.java:130)
at org.openqa.selenium.chrome.ChromeDriver.<init>(ChromeDriver.java:181)
at org.openqa.selenium.chrome.ChromeDriver.<init>(ChromeDriver.java:168)
at org.openqa.selenium.chrome.ChromeDriver.<init>(ChromeDriver.java:123)
at BaseTest.basetest.setup(basetest.java:66)
at java.base/jdk.internal.reflect.DirectMethodHandleAccessor.invoke(DirectMethodHandleAccessor.java:104)
at java.base/java.lang.reflect.Method.invoke(Method.java:577)
at org.testng.internal.MethodInvocationHelper.invokeMethod(MethodInvocationHelper.java:133)
at org.testng.internal.MethodInvocationHelper.invokeMethodConsideringTimeout(MethodInvocationHelper.java:62)
at org.testng.internal.ConfigInvoker.invokeConfigurationMethod(ConfigInvoker.java:385)
at org.testng.internal.ConfigInvoker.invokeConfigurations(ConfigInvoker.java:321)
at org.testng.TestRunner.invokeTestConfigurations(TestRunner.java:637)
at org.testng.TestRunner.beforeRun(TestRunner.java:627)
at org.testng.TestRunner.run(TestRunner.java:589)
at org.testng.SuiteRunner.runTest(SuiteRunner.java:377)
at org.testng.SuiteRunner.runSequentially(SuiteRunner.java:371)
at org.testng.SuiteRunner.privateRun(SuiteRunner.java:332)
at org.testng.SuiteRunner.run(SuiteRunner.java:276)
at org.testng.SuiteRunnerWorker.runSuite(SuiteRunnerWorker.java:53)
at org.testng.SuiteRunnerWorker.run(SuiteRunnerWorker.java:96)
at org.testng.TestNG.runSuitesSequentially(TestNG.java:1212)
at org.testng.TestNG.runSuitesLocally(TestNG.java:1134)
at org.testng.TestNG.runSuites(TestNG.java:1063)
at org.testng.TestNG.run(TestNG.java:1031)
at org.testng.remote.AbstractRemoteTestNG.run(AbstractRemoteTestNG.java:115)
at org.testng.remote.RemoteTestNG.initAndRun(RemoteTestNG.java:251)
at org.testng.remote.RemoteTestNG.main(RemoteTestNG.java:77)
]]>
    </failure>
  </testcase> <!-- @BeforeTest setup -->
  <testcase classname="BaseTest.basetest" name="@AfterMethod addTestResultstoTestRail" time="-1.715537300146E9">
    <skipped/>
  </testcase> <!-- @AfterMethod addTestResultstoTestRail -->
  <testcase classname="BaseTest.basetest" name="@AfterMethod addTestResultstoTestRail" time="-1.715537300166E9">
    <skipped/>
  </testcase> <!-- @AfterMethod addTestResultstoTestRail -->
  <testcase classname="BaseTest.basetest" name="@AfterTest teardown" time="-1.715537300168E9">
    <skipped/>
  </testcase> <!-- @AfterTest teardown -->
  <testcase classname="Pages.HomePage" name="AskMeOfferLinkTest" time="0.0">
    <skipped/>
  </testcase> <!-- AskMeOfferLinkTest -->
  <testcase classname="Pages.HomePage" name="SearchBarTest" time="0.0">
    <skipped/>
  </testcase> <!-- SearchBarTest -->
</testsuite> <!-- HomePage Test -->
