<?xml version="1.0" encoding="UTF-8"?>
<!-- Generated by org.testng.reporters.JUnitReportReporter -->
<testsuite hostname="THAMU" failures="0" tests="1" name="Pages.carousel" time="71.620" errors="1" timestamp="2025-03-29T19:02:03 IST" skipped="0">
  <testcase classname="Pages.carousel" name="PromocodeframeTest" time="71.620">
    <error message="session not created: DevToolsActivePort file doesn&#039;t exist
Build info: version: &#039;3.14.0&#039;, revision: &#039;aacccce0&#039;, time: &#039;2018-08-02T20:19:58.91Z&#039;
System info: host: &#039;THAMU&#039;, ip: &#039;172.22.176.1&#039;, os.name: &#039;Windows 10&#039;, os.arch: &#039;amd64&#039;, os.version: &#039;10.0&#039;, java.version: &#039;18.0.1&#039;
Driver info: driver.version: ChromeDriver
remote stacktrace: 	GetHandleVerifier [0x00007FF7B4513AB5+28005]
	(No symbol) [0x00007FF7B44783B0]
	(No symbol) [0x00007FF7B431580A]
	(No symbol) [0x00007FF7B4352C45]
	(No symbol) [0x00007FF7B434DD5F]
	(No symbol) [0x00007FF7B4348DAE]
	(No symbol) [0x00007FF7B4396C71]
	(No symbol) [0x00007FF7B43962F0]
	(No symbol) [0x00007FF7B438B7E3]
	(No symbol) [0x00007FF7B43575C8]
	(No symbol) [0x00007FF7B4358731]
	GetHandleVerifier [0x00007FF7B480643D+3118829]
	GetHandleVerifier [0x00007FF7B4856C90+3448640]
	GetHandleVerifier [0x00007FF7B484CF0D+3408317]
	GetHandleVerifier [0x00007FF7B45DA40B+841403]
	(No symbol) [0x00007FF7B448340F]
	(No symbol) [0x00007FF7B447F484]
	(No symbol) [0x00007FF7B447F61D]
	(No symbol) [0x00007FF7B446EB79]
	BaseThreadInitThunk [0x00007FFAA49E7614+20]
	RtlUserThreadStart [0x00007FFAA4F626B1+33]
" type="org.openqa.selenium.SessionNotCreatedException">
      <![CDATA[org.openqa.selenium.SessionNotCreatedException: session not created: DevToolsActivePort file doesn't exist
Build info: version: '3.14.0', revision: 'aacccce0', time: '2018-08-02T20:19:58.91Z'
System info: host: 'THAMU', ip: '172.22.176.1', os.name: 'Windows 10', os.arch: 'amd64', os.version: '10.0', java.version: '18.0.1'
Driver info: driver.version: ChromeDriver
remote stacktrace: GetHandleVerifier [0x00007FF7B4513AB5+28005]
(No symbol) [0x00007FF7B44783B0]
(No symbol) [0x00007FF7B431580A]
(No symbol) [0x00007FF7B4352C45]
(No symbol) [0x00007FF7B434DD5F]
(No symbol) [0x00007FF7B4348DAE]
(No symbol) [0x00007FF7B4396C71]
(No symbol) [0x00007FF7B43962F0]
(No symbol) [0x00007FF7B438B7E3]
(No symbol) [0x00007FF7B43575C8]
(No symbol) [0x00007FF7B4358731]
GetHandleVerifier [0x00007FF7B480643D+3118829]
GetHandleVerifier [0x00007FF7B4856C90+3448640]
GetHandleVerifier [0x00007FF7B484CF0D+3408317]
GetHandleVerifier [0x00007FF7B45DA40B+841403]
(No symbol) [0x00007FF7B448340F]
(No symbol) [0x00007FF7B447F484]
(No symbol) [0x00007FF7B447F61D]
(No symbol) [0x00007FF7B446EB79]
BaseThreadInitThunk [0x00007FFAA49E7614+20]
RtlUserThreadStart [0x00007FFAA4F626B1+33]

at java.base/jdk.internal.reflect.DirectConstructorHandleAccessor.newInstance(DirectConstructorHandleAccessor.java:67)
at java.base/java.lang.reflect.Constructor.newInstanceWithCaller(Constructor.java:499)
at java.base/java.lang.reflect.Constructor.newInstance(Constructor.java:483)
at org.openqa.selenium.remote.W3CHandshakeResponse.lambda$new$0(W3CHandshakeResponse.java:57)
at org.openqa.selenium.remote.W3CHandshakeResponse.lambda$getResponseFunction$2(W3CHandshakeResponse.java:104)
at org.openqa.selenium.remote.ProtocolHandshake.lambda$createSession$0(ProtocolHandshake.java:122)
at java.base/java.util.stream.ReferencePipeline$3$1.accept(ReferencePipeline.java:197)
at java.base/java.util.Spliterators$ArraySpliterator.tryAdvance(Spliterators.java:1002)
at java.base/java.util.stream.ReferencePipeline.forEachWithCancel(ReferencePipeline.java:129)
at java.base/java.util.stream.AbstractPipeline.copyIntoWithCancel(AbstractPipeline.java:527)
at java.base/java.util.stream.AbstractPipeline.copyInto(AbstractPipeline.java:513)
at java.base/java.util.stream.AbstractPipeline.wrapAndCopyInto(AbstractPipeline.java:499)
at java.base/java.util.stream.FindOps$FindOp.evaluateSequential(FindOps.java:150)
at java.base/java.util.stream.AbstractPipeline.evaluate(AbstractPipeline.java:234)
at java.base/java.util.stream.ReferencePipeline.findFirst(ReferencePipeline.java:647)
at org.openqa.selenium.remote.ProtocolHandshake.createSession(ProtocolHandshake.java:125)
at org.openqa.selenium.remote.ProtocolHandshake.createSession(ProtocolHandshake.java:73)
at org.openqa.selenium.remote.HttpCommandExecutor.execute(HttpCommandExecutor.java:136)
at org.openqa.selenium.remote.service.DriverCommandExecutor.execute(DriverCommandExecutor.java:83)
at org.openqa.selenium.remote.RemoteWebDriver.execute(RemoteWebDriver.java:548)
at org.openqa.selenium.remote.RemoteWebDriver.startSession(RemoteWebDriver.java:212)
at org.openqa.selenium.remote.RemoteWebDriver.<init>(RemoteWebDriver.java:130)
at org.openqa.selenium.chrome.ChromeDriver.<init>(ChromeDriver.java:181)
at org.openqa.selenium.chrome.ChromeDriver.<init>(ChromeDriver.java:168)
at org.openqa.selenium.chrome.ChromeDriver.<init>(ChromeDriver.java:123)
at Pages.carousel.PromocodeframeTest(carousel.java:21)
at java.base/jdk.internal.reflect.DirectMethodHandleAccessor.invoke(DirectMethodHandleAccessor.java:104)
at java.base/java.lang.reflect.Method.invoke(Method.java:577)
at org.testng.internal.MethodInvocationHelper.invokeMethod(MethodInvocationHelper.java:133)
at org.testng.internal.TestInvoker.invokeMethod(TestInvoker.java:598)
at org.testng.internal.TestInvoker.invokeTestMethod(TestInvoker.java:173)
at org.testng.internal.MethodRunner.runInSequence(MethodRunner.java:46)
at org.testng.internal.TestInvoker$MethodInvocationAgent.invoke(TestInvoker.java:824)
at org.testng.internal.TestInvoker.invokeTestMethods(TestInvoker.java:146)
at org.testng.internal.TestMethodWorker.invokeTestMethods(TestMethodWorker.java:146)
at org.testng.internal.TestMethodWorker.run(TestMethodWorker.java:128)
at java.base/java.util.ArrayList.forEach(ArrayList.java:1511)
at org.testng.TestRunner.privateRun(TestRunner.java:794)
at org.testng.TestRunner.run(TestRunner.java:596)
at org.testng.SuiteRunner.runTest(SuiteRunner.java:377)
at org.testng.SuiteRunner.runSequentially(SuiteRunner.java:371)
at org.testng.SuiteRunner.privateRun(SuiteRunner.java:332)
at org.testng.SuiteRunner.run(SuiteRunner.java:276)
at org.testng.SuiteRunnerWorker.runSuite(SuiteRunnerWorker.java:53)
at org.testng.SuiteRunnerWorker.run(SuiteRunnerWorker.java:96)
at org.testng.TestNG.runSuitesSequentially(TestNG.java:1212)
at org.testng.TestNG.runSuitesLocally(TestNG.java:1134)
at org.testng.TestNG.runSuites(TestNG.java:1063)
at org.testng.TestNG.run(TestNG.java:1031)
at org.testng.remote.AbstractRemoteTestNG.run(AbstractRemoteTestNG.java:115)
at org.testng.remote.RemoteTestNG.initAndRun(RemoteTestNG.java:251)
at org.testng.remote.RemoteTestNG.main(RemoteTestNG.java:77)
]]>
    </error>
  </testcase> <!-- PromocodeframeTest -->
  <system-out/>
</testsuite> <!-- Pages.carousel -->
