<?xml version="1.0" encoding="UTF-8"?>
<!-- Generated by org.testng.reporters.JUnitXMLReporter -->
<testsuite ignored="0" hostname="THAMU" failures="0" tests="1" name="Default test" time="126.538" errors="0" timestamp="2024-12-21T18:32:41 IST">
  <testcase classname="Tests.HomePageTest" name="@BeforeMethod setup" time="126.335">
    <failure type="org.openqa.selenium.SessionNotCreatedException" message="session not created: DevToolsActivePort file doesn&amp;apos;t exist
Build info: version: &amp;apos;3.14.0&amp;apos;, revision: &amp;apos;aacccce0&amp;apos;, time: &amp;apos;2018-08-02T20:19:58.91Z&amp;apos;
System info: host: &amp;apos;THAMU&amp;apos;, ip: &amp;apos;172.26.208.1&amp;apos;, os.name: &amp;apos;Windows 10&amp;apos;, os.arch: &amp;apos;amd64&amp;apos;, os.version: &amp;apos;10.0&amp;apos;, java.version: &amp;apos;18.0.1&amp;apos;
Driver info: driver.version: ChromeDriver
remote stacktrace: 	GetHandleVerifier [0x00007FF76727FB05+28789]
	(No symbol) [0x00007FF7671E86E0]
	(No symbol) [0x00007FF76708592A]
	(No symbol) [0x00007FF7670C5E25]
	(No symbol) [0x00007FF7670C0C34]
	(No symbol) [0x00007FF7670BBC59]
	(No symbol) [0x00007FF76710A77C]
	(No symbol) [0x00007FF767109D60]
	(No symbol) [0x00007FF7670FF1E3]
	(No symbol) [0x00007FF7670CA938]
	(No symbol) [0x00007FF7670CBAA1]
	GetHandleVerifier [0x00007FF7675B933D+3410093]
	GetHandleVerifier [0x00007FF7675CE7DD+3497293]
	GetHandleVerifier [0x00007FF7675C2A73+3448803]
	GetHandleVerifier [0x00007FF767347BBB+848171]
	(No symbol) [0x00007FF7671F3C3F]
	(No symbol) [0x00007FF7671EF6E4]
	(No symbol) [0x00007FF7671EF87D]
	(No symbol) [0x00007FF7671DED49]
	BaseThreadInitThunk [0x00007FF8D0D97614+20]
	RtlUserThreadStart [0x00007FF8D1F026B1+33]
">
      <![CDATA[org.openqa.selenium.SessionNotCreatedException: session not created: DevToolsActivePort file doesn't exist
Build info: version: '3.14.0', revision: 'aacccce0', time: '2018-08-02T20:19:58.91Z'
System info: host: 'THAMU', ip: '172.26.208.1', os.name: 'Windows 10', os.arch: 'amd64', os.version: '10.0', java.version: '18.0.1'
Driver info: driver.version: ChromeDriver
remote stacktrace: GetHandleVerifier [0x00007FF76727FB05+28789]
(No symbol) [0x00007FF7671E86E0]
(No symbol) [0x00007FF76708592A]
(No symbol) [0x00007FF7670C5E25]
(No symbol) [0x00007FF7670C0C34]
(No symbol) [0x00007FF7670BBC59]
(No symbol) [0x00007FF76710A77C]
(No symbol) [0x00007FF767109D60]
(No symbol) [0x00007FF7670FF1E3]
(No symbol) [0x00007FF7670CA938]
(No symbol) [0x00007FF7670CBAA1]
GetHandleVerifier [0x00007FF7675B933D+3410093]
GetHandleVerifier [0x00007FF7675CE7DD+3497293]
GetHandleVerifier [0x00007FF7675C2A73+3448803]
GetHandleVerifier [0x00007FF767347BBB+848171]
(No symbol) [0x00007FF7671F3C3F]
(No symbol) [0x00007FF7671EF6E4]
(No symbol) [0x00007FF7671EF87D]
(No symbol) [0x00007FF7671DED49]
BaseThreadInitThunk [0x00007FF8D0D97614+20]
RtlUserThreadStart [0x00007FF8D1F026B1+33]

at java.base/jdk.internal.reflect.DirectConstructorHandleAccessor.newInstance(DirectConstructorHandleAccessor.java:67)
at java.base/java.lang.reflect.Constructor.newInstanceWithCaller(Constructor.java:499)
at java.base/java.lang.reflect.Constructor.newInstance(Constructor.java:483)
at org.openqa.selenium.remote.W3CHandshakeResponse.lambda$new$0(W3CHandshakeResponse.java:57)
at org.openqa.selenium.remote.W3CHandshakeResponse.lambda$getResponseFunction$2(W3CHandshakeResponse.java:104)
at org.openqa.selenium.remote.ProtocolHandshake.lambda$createSession$0(ProtocolHandshake.java:122)
at java.base/java.util.stream.ReferencePipeline$3$1.accept(ReferencePipeline.java:197)
at java.base/java.util.Spliterators$ArraySpliterator.tryAdvance(Spliterators.java:1002)
at java.base/java.util.stream.ReferencePipeline.forEachWithCancel(ReferencePipeline.java:129)
at java.base/java.util.stream.AbstractPipeline.copyIntoWithCancel(AbstractPipeline.java:527)
at java.base/java.util.stream.AbstractPipeline.copyInto(AbstractPipeline.java:513)
at java.base/java.util.stream.AbstractPipeline.wrapAndCopyInto(AbstractPipeline.java:499)
at java.base/java.util.stream.FindOps$FindOp.evaluateSequential(FindOps.java:150)
at java.base/java.util.stream.AbstractPipeline.evaluate(AbstractPipeline.java:234)
at java.base/java.util.stream.ReferencePipeline.findFirst(ReferencePipeline.java:647)
at org.openqa.selenium.remote.ProtocolHandshake.createSession(ProtocolHandshake.java:125)
at org.openqa.selenium.remote.ProtocolHandshake.createSession(ProtocolHandshake.java:73)
at org.openqa.selenium.remote.HttpCommandExecutor.execute(HttpCommandExecutor.java:136)
at org.openqa.selenium.remote.service.DriverCommandExecutor.execute(DriverCommandExecutor.java:83)
at org.openqa.selenium.remote.RemoteWebDriver.execute(RemoteWebDriver.java:548)
at org.openqa.selenium.remote.RemoteWebDriver.startSession(RemoteWebDriver.java:212)
at org.openqa.selenium.remote.RemoteWebDriver.<init>(RemoteWebDriver.java:130)
at org.openqa.selenium.chrome.ChromeDriver.<init>(ChromeDriver.java:181)
at org.openqa.selenium.chrome.ChromeDriver.<init>(ChromeDriver.java:168)
at org.openqa.selenium.chrome.ChromeDriver.<init>(ChromeDriver.java:123)
at Base.TestBase.initDriver(TestBase.java:50)
at Tests.HomePageTest.setup(HomePageTest.java:33)
at java.base/jdk.internal.reflect.DirectMethodHandleAccessor.invoke(DirectMethodHandleAccessor.java:104)
at java.base/java.lang.reflect.Method.invoke(Method.java:577)
at org.testng.internal.MethodInvocationHelper.invokeMethod(MethodInvocationHelper.java:133)
at org.testng.internal.MethodInvocationHelper.invokeMethodConsideringTimeout(MethodInvocationHelper.java:62)
at org.testng.internal.ConfigInvoker.invokeConfigurationMethod(ConfigInvoker.java:385)
at org.testng.internal.ConfigInvoker.invokeConfigurations(ConfigInvoker.java:321)
at org.testng.internal.TestInvoker.runConfigMethods(TestInvoker.java:700)
at org.testng.internal.TestInvoker.invokeMethod(TestInvoker.java:527)
at org.testng.internal.TestInvoker.invokeTestMethod(TestInvoker.java:173)
at org.testng.internal.MethodRunner.runInSequence(MethodRunner.java:46)
at org.testng.internal.TestInvoker$MethodInvocationAgent.invoke(TestInvoker.java:824)
at org.testng.internal.TestInvoker.invokeTestMethods(TestInvoker.java:146)
at org.testng.internal.TestMethodWorker.invokeTestMethods(TestMethodWorker.java:146)
at org.testng.internal.TestMethodWorker.run(TestMethodWorker.java:128)
at java.base/java.util.ArrayList.forEach(ArrayList.java:1511)
at org.testng.TestRunner.privateRun(TestRunner.java:794)
at org.testng.TestRunner.run(TestRunner.java:596)
at org.testng.SuiteRunner.runTest(SuiteRunner.java:377)
at org.testng.SuiteRunner.runSequentially(SuiteRunner.java:371)
at org.testng.SuiteRunner.privateRun(SuiteRunner.java:332)
at org.testng.SuiteRunner.run(SuiteRunner.java:276)
at org.testng.SuiteRunnerWorker.runSuite(SuiteRunnerWorker.java:53)
at org.testng.SuiteRunnerWorker.run(SuiteRunnerWorker.java:96)
at org.testng.TestNG.runSuitesSequentially(TestNG.java:1212)
at org.testng.TestNG.runSuitesLocally(TestNG.java:1134)
at org.testng.TestNG.runSuites(TestNG.java:1063)
at org.testng.TestNG.run(TestNG.java:1031)
at org.testng.remote.AbstractRemoteTestNG.run(AbstractRemoteTestNG.java:115)
at org.testng.remote.RemoteTestNG.initAndRun(RemoteTestNG.java:251)
at org.testng.remote.RemoteTestNG.main(RemoteTestNG.java:77)
]]>
    </failure>
  </testcase> <!-- @BeforeMethod setup -->
  <testcase classname="Tests.HomePageTest" name="@AfterMethod TestResult" time="-1.734786160484E9">
    <skipped/>
  </testcase> <!-- @AfterMethod TestResult -->
  <testcase classname="Tests.HomePageTest" name="@AfterTest endReport" time="-1.734786160492E9">
    <skipped/>
  </testcase> <!-- @AfterTest endReport -->
  <testcase classname="Tests.HomePageTest" name="HomeTest" time="0.0">
    <skipped/>
  </testcase> <!-- HomeTest -->
</testsuite> <!-- Default test -->
