<?xml version="1.0" encoding="UTF-8"?>
<!-- Generated by org.testng.reporters.JUnitXMLReporter -->
<testsuite ignored="0" hostname="THAMU" failures="8" tests="34" name="Smoke" time="70.773" errors="0" timestamp="2024-12-16T18:56:10 IST">
  <testcase classname="Pages.HomePage" name="AskMeOfferLinkTest" time="1.153"/>
  <testcase classname="Pages.HomePage" name="PromocodeframeTest" time="4.057">
    <skipped/>
  </testcase> <!-- PromocodeframeTest -->
  <testcase classname="Pages.HomePage" name="CarouselDisplayTest" time="4.242">
    <skipped/>
  </testcase> <!-- CarouselDisplayTest -->
  <testcase classname="Pages.HomePage" name="CouponslinkTest" time="4.387">
    <skipped/>
  </testcase> <!-- CouponslinkTest -->
  <testcase classname="Pages.HomePage" name="PromocodeframeTest" time="2.812">
    <skipped/>
  </testcase> <!-- PromocodeframeTest -->
  <testcase classname="Pages.HomePage" name="CouponslinkTest" time="2.63">
    <skipped/>
  </testcase> <!-- CouponslinkTest -->
  <testcase classname="Pages.HomePage" name="CarouselDisplayTest" time="5.607">
    <skipped/>
  </testcase> <!-- CarouselDisplayTest -->
  <testcase classname="Pages.HomePage" name="PromocodeframeTest" time="4.069">
    <skipped/>
  </testcase> <!-- PromocodeframeTest -->
  <testcase classname="Pages.HomePage" name="CouponslinkTest" time="4.062">
    <skipped/>
  </testcase> <!-- CouponslinkTest -->
  <testcase classname="Pages.HomePage" name="PromocodeframeTest" time="2.566">
    <failure type="org.openqa.selenium.ElementClickInterceptedException" message="element click intercepted: Element &amp;lt;img class=&amp;quot;i-amphtml-fill-content i-amphtml-replaced-content&amp;quot; decoding=&amp;quot;async&amp;quot; fetchpriority=&amp;quot;high&amp;quot; alt=&amp;quot;AskmeOffers: Your Source for the Latest News, Reviews, Deals, and Offers&amp;quot; src=&amp;quot;https://i0.wp.com/cdn.askmeoffers.com/wp-content/uploads/2024/04/18232202/Automatically-Apply-Promo-Codes-1200x900.png?resize=1200%2C900&amp;amp;amp;ssl=1&amp;quot; srcset=&amp;quot;https://cdn.askmeoffers.com/wp-content/uploads/2024/04/18232202/Automatically-Apply-Promo-Codes.png 1200w, https://cdn.askmeoffers.com/wp-content/uploads/2024/04/18232202/Automatically-Apply-Promo-Codes.png 800w, https://cdn.askmeoffers.com/wp-content/uploads/2024/04/18232202/Automatically-Apply-Promo-Codes.png 600w, https://cdn.askmeoffers.com/wp-content/uploads/2024/04/18232202/Automatically-Apply-Promo-Codes.png 400w, https://cdn.askmeoffers.com/wp-content/uploads/2024/04/18232202/Automatically-Apply-Promo-Codes.png 200w, https://cdn.askmeoffers.com/wp-content/uploads/2024/04/18232202/Automatically-Apply-Promo-Codes.png 2400w, https://cdn.askmeoffers.com/wp-content/uploads/2024/04/18232202/Automatically-Apply-Promo-Codes.png 3600w, https://i0.wp.com/cdn.askmeoffers.com/wp-content/uploads/2024/04/18232202/Automatically-Apply-Promo-Codes.png?resize=1200%2C900&amp;amp;amp;ssl=1&amp;amp;amp;w=370 370w&amp;quot; sizes=&amp;quot;(max-width: 1200px) 100vw, 1200px&amp;quot; title=&amp;quot;AskmeOffers: Your Source for the Latest News, Reviews, Deals, and Offers&amp;quot; aria-label=&amp;quot;AskmeOffers: Your Source for the Latest News, Reviews, Deals, and Offers&amp;quot; data-hero-candidate=&amp;quot;&amp;quot; data-hero=&amp;quot;&amp;quot;&amp;gt; is not clickable at point (463, 566). Other element would receive the click: &amp;lt;div role=&amp;quot;list&amp;quot; class=&amp;quot;i-amphtml-fill-content i-amphtml-replaced-content&amp;quot;&amp;gt;...&amp;lt;/div&amp;gt;
  (Session info: chrome=131.0.6778.140)
Build info: version: &amp;apos;3.14.0&amp;apos;, revision: &amp;apos;aacccce0&amp;apos;, time: &amp;apos;2018-08-02T20:19:58.91Z&amp;apos;
System info: host: &amp;apos;THAMU&amp;apos;, ip: &amp;apos;172.31.208.1&amp;apos;, os.name: &amp;apos;Windows 10&amp;apos;, os.arch: &amp;apos;amd64&amp;apos;, os.version: &amp;apos;10.0&amp;apos;, java.version: &amp;apos;18.0.1&amp;apos;
Driver info: org.openqa.selenium.chrome.ChromeDriver
Capabilities {acceptInsecureCerts: false, browserName: chrome, browserVersion: 131.0.6778.140, chrome: {chromedriverVersion: 130.0.6723.69 (3ec172b971b9..., userDataDir: C:\Users\Admin\AppData\Loca...}, fedcm:accounts: true, goog:chromeOptions: {debuggerAddress: localhost:58927}, javascriptEnabled: true, networkConnectionEnabled: false, pageLoadStrategy: normal, platform: WINDOWS, platformName: WINDOWS, proxy: Proxy(), setWindowRect: true, strictFileInteractability: false, timeouts: {implicit: 0, pageLoad: 300000, script: 30000}, unhandledPromptBehavior: dismiss and notify, webauthn:extension:credBlob: true, webauthn:extension:largeBlob: true, webauthn:extension:minPinLength: true, webauthn:extension:prf: true, webauthn:virtualAuthenticators: true}
Session ID: 5ecd4b7e0f617788954793ee2594ef8d">
      <![CDATA[org.openqa.selenium.ElementClickInterceptedException: element click intercepted: Element <img class="i-amphtml-fill-content i-amphtml-replaced-content" decoding="async" fetchpriority="high" alt="AskmeOffers: Your Source for the Latest News, Reviews, Deals, and Offers" src="https://i0.wp.com/cdn.askmeoffers.com/wp-content/uploads/2024/04/18232202/Automatically-Apply-Promo-Codes-1200x900.png?resize=1200%2C900&amp;ssl=1" srcset="https://cdn.askmeoffers.com/wp-content/uploads/2024/04/18232202/Automatically-Apply-Promo-Codes.png 1200w, https://cdn.askmeoffers.com/wp-content/uploads/2024/04/18232202/Automatically-Apply-Promo-Codes.png 800w, https://cdn.askmeoffers.com/wp-content/uploads/2024/04/18232202/Automatically-Apply-Promo-Codes.png 600w, https://cdn.askmeoffers.com/wp-content/uploads/2024/04/18232202/Automatically-Apply-Promo-Codes.png 400w, https://cdn.askmeoffers.com/wp-content/uploads/2024/04/18232202/Automatically-Apply-Promo-Codes.png 200w, https://cdn.askmeoffers.com/wp-content/uploads/2024/04/18232202/Automatically-Apply-Promo-Codes.png 2400w, https://cdn.askmeoffers.com/wp-content/uploads/2024/04/18232202/Automatically-Apply-Promo-Codes.png 3600w, https://i0.wp.com/cdn.askmeoffers.com/wp-content/uploads/2024/04/18232202/Automatically-Apply-Promo-Codes.png?resize=1200%2C900&amp;ssl=1&amp;w=370 370w" sizes="(max-width: 1200px) 100vw, 1200px" title="AskmeOffers: Your Source for the Latest News, Reviews, Deals, and Offers" aria-label="AskmeOffers: Your Source for the Latest News, Reviews, Deals, and Offers" data-hero-candidate="" data-hero=""> is not clickable at point (463, 566). Other element would receive the click: <div role="list" class="i-amphtml-fill-content i-amphtml-replaced-content">...</div>
  (Session info: chrome=131.0.6778.140)
Build info: version: '3.14.0', revision: 'aacccce0', time: '2018-08-02T20:19:58.91Z'
System info: host: 'THAMU', ip: '172.31.208.1', os.name: 'Windows 10', os.arch: 'amd64', os.version: '10.0', java.version: '18.0.1'
Driver info: org.openqa.selenium.chrome.ChromeDriver
Capabilities {acceptInsecureCerts: false, browserName: chrome, browserVersion: 131.0.6778.140, chrome: {chromedriverVersion: 130.0.6723.69 (3ec172b971b9..., userDataDir: C:\Users\Admin\AppData\Loca...}, fedcm:accounts: true, goog:chromeOptions: {debuggerAddress: localhost:58927}, javascriptEnabled: true, networkConnectionEnabled: false, pageLoadStrategy: normal, platform: WINDOWS, platformName: WINDOWS, proxy: Proxy(), setWindowRect: true, strictFileInteractability: false, timeouts: {implicit: 0, pageLoad: 300000, script: 30000}, unhandledPromptBehavior: dismiss and notify, webauthn:extension:credBlob: true, webauthn:extension:largeBlob: true, webauthn:extension:minPinLength: true, webauthn:extension:prf: true, webauthn:virtualAuthenticators: true}
Session ID: 5ecd4b7e0f617788954793ee2594ef8d
at java.base/jdk.internal.reflect.DirectConstructorHandleAccessor.newInstance(DirectConstructorHandleAccessor.java:67)
at java.base/java.lang.reflect.Constructor.newInstanceWithCaller(Constructor.java:499)
at java.base/java.lang.reflect.Constructor.newInstance(Constructor.java:483)
at org.openqa.selenium.remote.http.W3CHttpResponseCodec.createException(W3CHttpResponseCodec.java:187)
at org.openqa.selenium.remote.http.W3CHttpResponseCodec.decode(W3CHttpResponseCodec.java:122)
at org.openqa.selenium.remote.http.W3CHttpResponseCodec.decode(W3CHttpResponseCodec.java:49)
at org.openqa.selenium.remote.HttpCommandExecutor.execute(HttpCommandExecutor.java:158)
at org.openqa.selenium.remote.service.DriverCommandExecutor.execute(DriverCommandExecutor.java:83)
at org.openqa.selenium.remote.RemoteWebDriver.execute(RemoteWebDriver.java:548)
at org.openqa.selenium.remote.RemoteWebElement.execute(RemoteWebElement.java:276)
at org.openqa.selenium.remote.RemoteWebElement.click(RemoteWebElement.java:83)
at Pages.HomePage.PromocodeframeTest(HomePage.java:119)
at java.base/jdk.internal.reflect.DirectMethodHandleAccessor.invoke(DirectMethodHandleAccessor.java:104)
at java.base/java.lang.reflect.Method.invoke(Method.java:577)
at org.testng.internal.MethodInvocationHelper.invokeMethod(MethodInvocationHelper.java:133)
at org.testng.internal.TestInvoker.invokeMethod(TestInvoker.java:598)
at org.testng.internal.TestInvoker.retryFailed(TestInvoker.java:213)
at org.testng.internal.MethodRunner.runInSequence(MethodRunner.java:58)
at org.testng.internal.TestInvoker$MethodInvocationAgent.invoke(TestInvoker.java:824)
at org.testng.internal.TestInvoker.invokeTestMethods(TestInvoker.java:146)
at org.testng.internal.TestMethodWorker.invokeTestMethods(TestMethodWorker.java:146)
at org.testng.internal.TestMethodWorker.run(TestMethodWorker.java:128)
at java.base/java.util.concurrent.ThreadPoolExecutor.runWorker(ThreadPoolExecutor.java:1136)
at java.base/java.util.concurrent.ThreadPoolExecutor$Worker.run(ThreadPoolExecutor.java:635)
at java.base/java.lang.Thread.run(Thread.java:833)
]]>
    </failure>
  </testcase> <!-- PromocodeframeTest -->
  <testcase classname="Pages.HomePage" name="CarouselDisplayTest" time="4.915">
    <skipped/>
  </testcase> <!-- CarouselDisplayTest -->
  <testcase classname="Pages.HomePage" name="CouponslinkTest" time="3.631">
    <failure type="org.openqa.selenium.ElementClickInterceptedException" message="element click intercepted: Element &amp;lt;img class=&amp;quot;i-amphtml-fill-content i-amphtml-replaced-content&amp;quot; decoding=&amp;quot;async&amp;quot; fetchpriority=&amp;quot;high&amp;quot; alt=&amp;quot;AskmeOffers: Your Source for the Latest News, Reviews, Deals, and Offers&amp;quot; src=&amp;quot;https://i0.wp.com/cdn.askmeoffers.com/wp-content/uploads/2024/04/18232202/Automatically-Apply-Promo-Codes-1200x900.png?resize=1200%2C900&amp;amp;amp;ssl=1&amp;quot; srcset=&amp;quot;https://cdn.askmeoffers.com/wp-content/uploads/2024/04/18232202/Automatically-Apply-Promo-Codes.png 1200w, https://cdn.askmeoffers.com/wp-content/uploads/2024/04/18232202/Automatically-Apply-Promo-Codes.png 800w, https://cdn.askmeoffers.com/wp-content/uploads/2024/04/18232202/Automatically-Apply-Promo-Codes.png 600w, https://cdn.askmeoffers.com/wp-content/uploads/2024/04/18232202/Automatically-Apply-Promo-Codes.png 400w, https://cdn.askmeoffers.com/wp-content/uploads/2024/04/18232202/Automatically-Apply-Promo-Codes.png 200w, https://cdn.askmeoffers.com/wp-content/uploads/2024/04/18232202/Automatically-Apply-Promo-Codes.png 2400w, https://cdn.askmeoffers.com/wp-content/uploads/2024/04/18232202/Automatically-Apply-Promo-Codes.png 3600w, https://i0.wp.com/cdn.askmeoffers.com/wp-content/uploads/2024/04/18232202/Automatically-Apply-Promo-Codes.png?resize=1200%2C900&amp;amp;amp;ssl=1&amp;amp;amp;w=370 370w&amp;quot; sizes=&amp;quot;(max-width: 1200px) 100vw, 1200px&amp;quot; title=&amp;quot;AskmeOffers: Your Source for the Latest News, Reviews, Deals, and Offers&amp;quot; aria-label=&amp;quot;AskmeOffers: Your Source for the Latest News, Reviews, Deals, and Offers&amp;quot; data-hero-candidate=&amp;quot;&amp;quot; data-hero=&amp;quot;&amp;quot;&amp;gt; is not clickable at point (463, 566). Other element would receive the click: &amp;lt;div role=&amp;quot;list&amp;quot; class=&amp;quot;i-amphtml-fill-content i-amphtml-replaced-content&amp;quot;&amp;gt;...&amp;lt;/div&amp;gt;
  (Session info: chrome=131.0.6778.140)
Build info: version: &amp;apos;3.14.0&amp;apos;, revision: &amp;apos;aacccce0&amp;apos;, time: &amp;apos;2018-08-02T20:19:58.91Z&amp;apos;
System info: host: &amp;apos;THAMU&amp;apos;, ip: &amp;apos;172.31.208.1&amp;apos;, os.name: &amp;apos;Windows 10&amp;apos;, os.arch: &amp;apos;amd64&amp;apos;, os.version: &amp;apos;10.0&amp;apos;, java.version: &amp;apos;18.0.1&amp;apos;
Driver info: org.openqa.selenium.chrome.ChromeDriver
Capabilities {acceptInsecureCerts: false, browserName: chrome, browserVersion: 131.0.6778.140, chrome: {chromedriverVersion: 130.0.6723.69 (3ec172b971b9..., userDataDir: C:\Users\Admin\AppData\Loca...}, fedcm:accounts: true, goog:chromeOptions: {debuggerAddress: localhost:58927}, javascriptEnabled: true, networkConnectionEnabled: false, pageLoadStrategy: normal, platform: WINDOWS, platformName: WINDOWS, proxy: Proxy(), setWindowRect: true, strictFileInteractability: false, timeouts: {implicit: 0, pageLoad: 300000, script: 30000}, unhandledPromptBehavior: dismiss and notify, webauthn:extension:credBlob: true, webauthn:extension:largeBlob: true, webauthn:extension:minPinLength: true, webauthn:extension:prf: true, webauthn:virtualAuthenticators: true}
Session ID: 5ecd4b7e0f617788954793ee2594ef8d">
      <![CDATA[org.openqa.selenium.ElementClickInterceptedException: element click intercepted: Element <img class="i-amphtml-fill-content i-amphtml-replaced-content" decoding="async" fetchpriority="high" alt="AskmeOffers: Your Source for the Latest News, Reviews, Deals, and Offers" src="https://i0.wp.com/cdn.askmeoffers.com/wp-content/uploads/2024/04/18232202/Automatically-Apply-Promo-Codes-1200x900.png?resize=1200%2C900&amp;ssl=1" srcset="https://cdn.askmeoffers.com/wp-content/uploads/2024/04/18232202/Automatically-Apply-Promo-Codes.png 1200w, https://cdn.askmeoffers.com/wp-content/uploads/2024/04/18232202/Automatically-Apply-Promo-Codes.png 800w, https://cdn.askmeoffers.com/wp-content/uploads/2024/04/18232202/Automatically-Apply-Promo-Codes.png 600w, https://cdn.askmeoffers.com/wp-content/uploads/2024/04/18232202/Automatically-Apply-Promo-Codes.png 400w, https://cdn.askmeoffers.com/wp-content/uploads/2024/04/18232202/Automatically-Apply-Promo-Codes.png 200w, https://cdn.askmeoffers.com/wp-content/uploads/2024/04/18232202/Automatically-Apply-Promo-Codes.png 2400w, https://cdn.askmeoffers.com/wp-content/uploads/2024/04/18232202/Automatically-Apply-Promo-Codes.png 3600w, https://i0.wp.com/cdn.askmeoffers.com/wp-content/uploads/2024/04/18232202/Automatically-Apply-Promo-Codes.png?resize=1200%2C900&amp;ssl=1&amp;w=370 370w" sizes="(max-width: 1200px) 100vw, 1200px" title="AskmeOffers: Your Source for the Latest News, Reviews, Deals, and Offers" aria-label="AskmeOffers: Your Source for the Latest News, Reviews, Deals, and Offers" data-hero-candidate="" data-hero=""> is not clickable at point (463, 566). Other element would receive the click: <div role="list" class="i-amphtml-fill-content i-amphtml-replaced-content">...</div>
  (Session info: chrome=131.0.6778.140)
Build info: version: '3.14.0', revision: 'aacccce0', time: '2018-08-02T20:19:58.91Z'
System info: host: 'THAMU', ip: '172.31.208.1', os.name: 'Windows 10', os.arch: 'amd64', os.version: '10.0', java.version: '18.0.1'
Driver info: org.openqa.selenium.chrome.ChromeDriver
Capabilities {acceptInsecureCerts: false, browserName: chrome, browserVersion: 131.0.6778.140, chrome: {chromedriverVersion: 130.0.6723.69 (3ec172b971b9..., userDataDir: C:\Users\Admin\AppData\Loca...}, fedcm:accounts: true, goog:chromeOptions: {debuggerAddress: localhost:58927}, javascriptEnabled: true, networkConnectionEnabled: false, pageLoadStrategy: normal, platform: WINDOWS, platformName: WINDOWS, proxy: Proxy(), setWindowRect: true, strictFileInteractability: false, timeouts: {implicit: 0, pageLoad: 300000, script: 30000}, unhandledPromptBehavior: dismiss and notify, webauthn:extension:credBlob: true, webauthn:extension:largeBlob: true, webauthn:extension:minPinLength: true, webauthn:extension:prf: true, webauthn:virtualAuthenticators: true}
Session ID: 5ecd4b7e0f617788954793ee2594ef8d
at java.base/jdk.internal.reflect.DirectConstructorHandleAccessor.newInstance(DirectConstructorHandleAccessor.java:67)
at java.base/java.lang.reflect.Constructor.newInstanceWithCaller(Constructor.java:499)
at java.base/java.lang.reflect.Constructor.newInstance(Constructor.java:483)
at org.openqa.selenium.remote.http.W3CHttpResponseCodec.createException(W3CHttpResponseCodec.java:187)
at org.openqa.selenium.remote.http.W3CHttpResponseCodec.decode(W3CHttpResponseCodec.java:122)
at org.openqa.selenium.remote.http.W3CHttpResponseCodec.decode(W3CHttpResponseCodec.java:49)
at org.openqa.selenium.remote.HttpCommandExecutor.execute(HttpCommandExecutor.java:158)
at org.openqa.selenium.remote.service.DriverCommandExecutor.execute(DriverCommandExecutor.java:83)
at org.openqa.selenium.remote.RemoteWebDriver.execute(RemoteWebDriver.java:548)
at org.openqa.selenium.remote.RemoteWebElement.execute(RemoteWebElement.java:276)
at org.openqa.selenium.remote.RemoteWebElement.click(RemoteWebElement.java:83)
at Pages.HomePage.CouponslinkTest(HomePage.java:153)
at java.base/jdk.internal.reflect.DirectMethodHandleAccessor.invoke(DirectMethodHandleAccessor.java:104)
at java.base/java.lang.reflect.Method.invoke(Method.java:577)
at org.testng.internal.MethodInvocationHelper.invokeMethod(MethodInvocationHelper.java:133)
at org.testng.internal.TestInvoker.invokeMethod(TestInvoker.java:598)
at org.testng.internal.TestInvoker.retryFailed(TestInvoker.java:213)
at org.testng.internal.MethodRunner.runInSequence(MethodRunner.java:58)
at org.testng.internal.TestInvoker$MethodInvocationAgent.invoke(TestInvoker.java:824)
at org.testng.internal.TestInvoker.invokeTestMethods(TestInvoker.java:146)
at org.testng.internal.TestMethodWorker.invokeTestMethods(TestMethodWorker.java:146)
at org.testng.internal.TestMethodWorker.run(TestMethodWorker.java:128)
at java.base/java.util.concurrent.ThreadPoolExecutor.runWorker(ThreadPoolExecutor.java:1136)
at java.base/java.util.concurrent.ThreadPoolExecutor$Worker.run(ThreadPoolExecutor.java:635)
at java.base/java.lang.Thread.run(Thread.java:833)
]]>
    </failure>
  </testcase> <!-- CouponslinkTest -->
  <testcase classname="Pages.HomePage" name="CarouselDisplayTest" time="3.009">
    <failure type="org.openqa.selenium.ElementClickInterceptedException" message="element click intercepted: Element &amp;lt;amp-carousel width=&amp;quot;1792&amp;quot; height=&amp;quot;680&amp;quot; layout=&amp;quot;responsive&amp;quot; type=&amp;quot;slides&amp;quot; autoplay=&amp;quot;&amp;quot; delay=&amp;quot;2000&amp;quot; role=&amp;quot;region&amp;quot; aria-label=&amp;quot;Carousel with autoplay&amp;quot; class=&amp;quot;i-amphtml-layout-responsive i-amphtml-layout-size-defined i-amphtml-element i-amphtml-built i-amphtml-layout&amp;quot; i-amphtml-layout=&amp;quot;responsive&amp;quot;&amp;gt;...&amp;lt;/amp-carousel&amp;gt; is not clickable at point (674, 302). Other element would receive the click: &amp;lt;a tabindex=&amp;quot;0&amp;quot; role=&amp;quot;button&amp;quot; class=&amp;quot;search-res autocomplete-link&amp;quot; on=&amp;quot;tap:AMP.navigateTo(url=&amp;apos;https://askmeoffers.com/2-berega-coupons/&amp;apos;)&amp;quot;&amp;gt;...&amp;lt;/a&amp;gt;
  (Session info: chrome=131.0.6778.140)
Build info: version: &amp;apos;3.14.0&amp;apos;, revision: &amp;apos;aacccce0&amp;apos;, time: &amp;apos;2018-08-02T20:19:58.91Z&amp;apos;
System info: host: &amp;apos;THAMU&amp;apos;, ip: &amp;apos;172.31.208.1&amp;apos;, os.name: &amp;apos;Windows 10&amp;apos;, os.arch: &amp;apos;amd64&amp;apos;, os.version: &amp;apos;10.0&amp;apos;, java.version: &amp;apos;18.0.1&amp;apos;
Driver info: org.openqa.selenium.chrome.ChromeDriver
Capabilities {acceptInsecureCerts: false, browserName: chrome, browserVersion: 131.0.6778.140, chrome: {chromedriverVersion: 130.0.6723.69 (3ec172b971b9..., userDataDir: C:\Users\Admin\AppData\Loca...}, fedcm:accounts: true, goog:chromeOptions: {debuggerAddress: localhost:58927}, javascriptEnabled: true, networkConnectionEnabled: false, pageLoadStrategy: normal, platform: WINDOWS, platformName: WINDOWS, proxy: Proxy(), setWindowRect: true, strictFileInteractability: false, timeouts: {implicit: 0, pageLoad: 300000, script: 30000}, unhandledPromptBehavior: dismiss and notify, webauthn:extension:credBlob: true, webauthn:extension:largeBlob: true, webauthn:extension:minPinLength: true, webauthn:extension:prf: true, webauthn:virtualAuthenticators: true}
Session ID: 5ecd4b7e0f617788954793ee2594ef8d">
      <![CDATA[org.openqa.selenium.ElementClickInterceptedException: element click intercepted: Element <amp-carousel width="1792" height="680" layout="responsive" type="slides" autoplay="" delay="2000" role="region" aria-label="Carousel with autoplay" class="i-amphtml-layout-responsive i-amphtml-layout-size-defined i-amphtml-element i-amphtml-built i-amphtml-layout" i-amphtml-layout="responsive">...</amp-carousel> is not clickable at point (674, 302). Other element would receive the click: <a tabindex="0" role="button" class="search-res autocomplete-link" on="tap:AMP.navigateTo(url='https://askmeoffers.com/2-berega-coupons/')">...</a>
  (Session info: chrome=131.0.6778.140)
Build info: version: '3.14.0', revision: 'aacccce0', time: '2018-08-02T20:19:58.91Z'
System info: host: 'THAMU', ip: '172.31.208.1', os.name: 'Windows 10', os.arch: 'amd64', os.version: '10.0', java.version: '18.0.1'
Driver info: org.openqa.selenium.chrome.ChromeDriver
Capabilities {acceptInsecureCerts: false, browserName: chrome, browserVersion: 131.0.6778.140, chrome: {chromedriverVersion: 130.0.6723.69 (3ec172b971b9..., userDataDir: C:\Users\Admin\AppData\Loca...}, fedcm:accounts: true, goog:chromeOptions: {debuggerAddress: localhost:58927}, javascriptEnabled: true, networkConnectionEnabled: false, pageLoadStrategy: normal, platform: WINDOWS, platformName: WINDOWS, proxy: Proxy(), setWindowRect: true, strictFileInteractability: false, timeouts: {implicit: 0, pageLoad: 300000, script: 30000}, unhandledPromptBehavior: dismiss and notify, webauthn:extension:credBlob: true, webauthn:extension:largeBlob: true, webauthn:extension:minPinLength: true, webauthn:extension:prf: true, webauthn:virtualAuthenticators: true}
Session ID: 5ecd4b7e0f617788954793ee2594ef8d
at java.base/jdk.internal.reflect.DirectConstructorHandleAccessor.newInstance(DirectConstructorHandleAccessor.java:67)
at java.base/java.lang.reflect.Constructor.newInstanceWithCaller(Constructor.java:499)
at java.base/java.lang.reflect.Constructor.newInstance(Constructor.java:483)
at org.openqa.selenium.remote.http.W3CHttpResponseCodec.createException(W3CHttpResponseCodec.java:187)
at org.openqa.selenium.remote.http.W3CHttpResponseCodec.decode(W3CHttpResponseCodec.java:122)
at org.openqa.selenium.remote.http.W3CHttpResponseCodec.decode(W3CHttpResponseCodec.java:49)
at org.openqa.selenium.remote.HttpCommandExecutor.execute(HttpCommandExecutor.java:158)
at org.openqa.selenium.remote.service.DriverCommandExecutor.execute(DriverCommandExecutor.java:83)
at org.openqa.selenium.remote.RemoteWebDriver.execute(RemoteWebDriver.java:548)
at org.openqa.selenium.remote.RemoteWebElement.execute(RemoteWebElement.java:276)
at org.openqa.selenium.remote.RemoteWebElement.click(RemoteWebElement.java:83)
at Pages.HomePage.CarouselDisplayTest(HomePage.java:58)
at java.base/jdk.internal.reflect.DirectMethodHandleAccessor.invoke(DirectMethodHandleAccessor.java:104)
at java.base/java.lang.reflect.Method.invoke(Method.java:577)
at org.testng.internal.MethodInvocationHelper.invokeMethod(MethodInvocationHelper.java:133)
at org.testng.internal.TestInvoker.invokeMethod(TestInvoker.java:598)
at org.testng.internal.TestInvoker.retryFailed(TestInvoker.java:213)
at org.testng.internal.MethodRunner.runInSequence(MethodRunner.java:58)
at org.testng.internal.TestInvoker$MethodInvocationAgent.invoke(TestInvoker.java:824)
at org.testng.internal.TestInvoker.invokeTestMethods(TestInvoker.java:146)
at org.testng.internal.TestMethodWorker.invokeTestMethods(TestMethodWorker.java:146)
at org.testng.internal.TestMethodWorker.run(TestMethodWorker.java:128)
at java.base/java.util.concurrent.ThreadPoolExecutor.runWorker(ThreadPoolExecutor.java:1136)
at java.base/java.util.concurrent.ThreadPoolExecutor$Worker.run(ThreadPoolExecutor.java:635)
at java.base/java.lang.Thread.run(Thread.java:833)
]]>
    </failure>
  </testcase> <!-- CarouselDisplayTest -->
  <testcase classname="Pages.HomePage" name="FlexCliplinkTest" time="2.584">
    <skipped/>
  </testcase> <!-- FlexCliplinkTest -->
  <testcase classname="Pages.HomePage" name="SocialNavigationLinkTest" time="20.208">
    <skipped/>
  </testcase> <!-- SocialNavigationLinkTest -->
  <testcase classname="Pages.HomePage" name="SearchBarTest" time="20.357"/>
  <testcase classname="Pages.HomePage" name="FlexCliplinkTest" time="2.661">
    <skipped/>
  </testcase> <!-- FlexCliplinkTest -->
  <testcase classname="Pages.HomePage" name="WebTableTest" time="3.636">
    <skipped/>
  </testcase> <!-- WebTableTest -->
  <testcase classname="Pages.HomePage" name="FlexCliplinkTest" time="2.507">
    <skipped/>
  </testcase> <!-- FlexCliplinkTest -->
  <testcase classname="Pages.HomePage" name="WebTableTest" time="2.506">
    <skipped/>
  </testcase> <!-- WebTableTest -->
  <testcase classname="Pages.HomePage" name="FlexCliplinkTest" time="2.501">
    <failure type="org.openqa.selenium.ElementClickInterceptedException" message="element click intercepted: Element &amp;lt;img decoding=&amp;quot;async&amp;quot; alt=&amp;quot;AskmeOffers: Your Source for the Latest News, Reviews, Deals, and Offers&amp;quot; aria-label=&amp;quot;AskmeOffers: Your Source for the Latest News, Reviews, Deals, and Offers&amp;quot; title=&amp;quot;AskmeOffers: Your Source for the Latest News, Reviews, Deals, and Offers&amp;quot; sizes=&amp;quot;(max-width: 1200px) 100vw, 1200px&amp;quot; srcset=&amp;quot;https://cdn.askmeoffers.com/wp-content/uploads/2024/04/13165212/flexclip-review.jpg 1200w, https://cdn.askmeoffers.com/wp-content/uploads/2024/04/13165212/flexclip-review.jpg 800w, https://cdn.askmeoffers.com/wp-content/uploads/2024/04/13165212/flexclip-review.jpg 600w, https://cdn.askmeoffers.com/wp-content/uploads/2024/04/13165212/flexclip-review.jpg 400w, https://cdn.askmeoffers.com/wp-content/uploads/2024/04/13165212/flexclip-review.jpg 200w, https://i0.wp.com/cdn.askmeoffers.com/wp-content/uploads/2024/04/13165212/flexclip-review.jpg?resize=1200%2C900&amp;amp;amp;ssl=1&amp;amp;amp;w=370 370w&amp;quot; src=&amp;quot;https://i0.wp.com/cdn.askmeoffers.com/wp-content/uploads/2024/04/13165212/flexclip-review-1200x900.jpg?resize=1200%2C900&amp;amp;amp;ssl=1&amp;quot; data-hero-candidate=&amp;quot;1&amp;quot; class=&amp;quot;i-amphtml-fill-content i-amphtml-replaced-content&amp;quot;&amp;gt; is not clickable at point (1079, 32). Other element would receive the click: &amp;lt;input type=&amp;quot;text&amp;quot; id=&amp;quot;my-input-inside&amp;quot; autocomplete=&amp;quot;off&amp;quot; value=&amp;quot;&amp;quot; name=&amp;quot;title&amp;quot; on=&amp;quot;input-throttled:AMP.setState({searchmydata:event.value, searchlength:event.value.length})&amp;quot; placeholder=&amp;quot;Search for stores, coupons &amp;amp;amp; offers...&amp;quot;&amp;gt;
  (Session info: chrome=131.0.6778.140)
Build info: version: &amp;apos;3.14.0&amp;apos;, revision: &amp;apos;aacccce0&amp;apos;, time: &amp;apos;2018-08-02T20:19:58.91Z&amp;apos;
System info: host: &amp;apos;THAMU&amp;apos;, ip: &amp;apos;172.31.208.1&amp;apos;, os.name: &amp;apos;Windows 10&amp;apos;, os.arch: &amp;apos;amd64&amp;apos;, os.version: &amp;apos;10.0&amp;apos;, java.version: &amp;apos;18.0.1&amp;apos;
Driver info: org.openqa.selenium.chrome.ChromeDriver
Capabilities {acceptInsecureCerts: false, browserName: chrome, browserVersion: 131.0.6778.140, chrome: {chromedriverVersion: 130.0.6723.69 (3ec172b971b9..., userDataDir: C:\Users\Admin\AppData\Loca...}, fedcm:accounts: true, goog:chromeOptions: {debuggerAddress: localhost:58927}, javascriptEnabled: true, networkConnectionEnabled: false, pageLoadStrategy: normal, platform: WINDOWS, platformName: WINDOWS, proxy: Proxy(), setWindowRect: true, strictFileInteractability: false, timeouts: {implicit: 0, pageLoad: 300000, script: 30000}, unhandledPromptBehavior: dismiss and notify, webauthn:extension:credBlob: true, webauthn:extension:largeBlob: true, webauthn:extension:minPinLength: true, webauthn:extension:prf: true, webauthn:virtualAuthenticators: true}
Session ID: 5ecd4b7e0f617788954793ee2594ef8d">
      <![CDATA[org.openqa.selenium.ElementClickInterceptedException: element click intercepted: Element <img decoding="async" alt="AskmeOffers: Your Source for the Latest News, Reviews, Deals, and Offers" aria-label="AskmeOffers: Your Source for the Latest News, Reviews, Deals, and Offers" title="AskmeOffers: Your Source for the Latest News, Reviews, Deals, and Offers" sizes="(max-width: 1200px) 100vw, 1200px" srcset="https://cdn.askmeoffers.com/wp-content/uploads/2024/04/13165212/flexclip-review.jpg 1200w, https://cdn.askmeoffers.com/wp-content/uploads/2024/04/13165212/flexclip-review.jpg 800w, https://cdn.askmeoffers.com/wp-content/uploads/2024/04/13165212/flexclip-review.jpg 600w, https://cdn.askmeoffers.com/wp-content/uploads/2024/04/13165212/flexclip-review.jpg 400w, https://cdn.askmeoffers.com/wp-content/uploads/2024/04/13165212/flexclip-review.jpg 200w, https://i0.wp.com/cdn.askmeoffers.com/wp-content/uploads/2024/04/13165212/flexclip-review.jpg?resize=1200%2C900&amp;ssl=1&amp;w=370 370w" src="https://i0.wp.com/cdn.askmeoffers.com/wp-content/uploads/2024/04/13165212/flexclip-review-1200x900.jpg?resize=1200%2C900&amp;ssl=1" data-hero-candidate="1" class="i-amphtml-fill-content i-amphtml-replaced-content"> is not clickable at point (1079, 32). Other element would receive the click: <input type="text" id="my-input-inside" autocomplete="off" value="" name="title" on="input-throttled:AMP.setState({searchmydata:event.value, searchlength:event.value.length})" placeholder="Search for stores, coupons &amp; offers...">
  (Session info: chrome=131.0.6778.140)
Build info: version: '3.14.0', revision: 'aacccce0', time: '2018-08-02T20:19:58.91Z'
System info: host: 'THAMU', ip: '172.31.208.1', os.name: 'Windows 10', os.arch: 'amd64', os.version: '10.0', java.version: '18.0.1'
Driver info: org.openqa.selenium.chrome.ChromeDriver
Capabilities {acceptInsecureCerts: false, browserName: chrome, browserVersion: 131.0.6778.140, chrome: {chromedriverVersion: 130.0.6723.69 (3ec172b971b9..., userDataDir: C:\Users\Admin\AppData\Loca...}, fedcm:accounts: true, goog:chromeOptions: {debuggerAddress: localhost:58927}, javascriptEnabled: true, networkConnectionEnabled: false, pageLoadStrategy: normal, platform: WINDOWS, platformName: WINDOWS, proxy: Proxy(), setWindowRect: true, strictFileInteractability: false, timeouts: {implicit: 0, pageLoad: 300000, script: 30000}, unhandledPromptBehavior: dismiss and notify, webauthn:extension:credBlob: true, webauthn:extension:largeBlob: true, webauthn:extension:minPinLength: true, webauthn:extension:prf: true, webauthn:virtualAuthenticators: true}
Session ID: 5ecd4b7e0f617788954793ee2594ef8d
at java.base/jdk.internal.reflect.DirectConstructorHandleAccessor.newInstance(DirectConstructorHandleAccessor.java:67)
at java.base/java.lang.reflect.Constructor.newInstanceWithCaller(Constructor.java:499)
at java.base/java.lang.reflect.Constructor.newInstance(Constructor.java:483)
at org.openqa.selenium.remote.http.W3CHttpResponseCodec.createException(W3CHttpResponseCodec.java:187)
at org.openqa.selenium.remote.http.W3CHttpResponseCodec.decode(W3CHttpResponseCodec.java:122)
at org.openqa.selenium.remote.http.W3CHttpResponseCodec.decode(W3CHttpResponseCodec.java:49)
at org.openqa.selenium.remote.HttpCommandExecutor.execute(HttpCommandExecutor.java:158)
at org.openqa.selenium.remote.service.DriverCommandExecutor.execute(DriverCommandExecutor.java:83)
at org.openqa.selenium.remote.RemoteWebDriver.execute(RemoteWebDriver.java:548)
at org.openqa.selenium.remote.RemoteWebElement.execute(RemoteWebElement.java:276)
at org.openqa.selenium.remote.RemoteWebElement.click(RemoteWebElement.java:83)
at Pages.HomePage.FlexCliplinkTest(HomePage.java:215)
at java.base/jdk.internal.reflect.DirectMethodHandleAccessor.invoke(DirectMethodHandleAccessor.java:104)
at java.base/java.lang.reflect.Method.invoke(Method.java:577)
at org.testng.internal.MethodInvocationHelper.invokeMethod(MethodInvocationHelper.java:133)
at org.testng.internal.TestInvoker.invokeMethod(TestInvoker.java:598)
at org.testng.internal.TestInvoker.retryFailed(TestInvoker.java:213)
at org.testng.internal.MethodRunner.runInSequence(MethodRunner.java:58)
at org.testng.internal.TestInvoker$MethodInvocationAgent.invoke(TestInvoker.java:824)
at org.testng.internal.TestInvoker.invokeTestMethods(TestInvoker.java:146)
at org.testng.internal.TestMethodWorker.invokeTestMethods(TestMethodWorker.java:146)
at org.testng.internal.TestMethodWorker.run(TestMethodWorker.java:128)
at java.base/java.util.concurrent.ThreadPoolExecutor.runWorker(ThreadPoolExecutor.java:1136)
at java.base/java.util.concurrent.ThreadPoolExecutor$Worker.run(ThreadPoolExecutor.java:635)
at java.base/java.lang.Thread.run(Thread.java:833)
]]>
    </failure>
  </testcase> <!-- FlexCliplinkTest -->
  <testcase classname="Pages.HomePage" name="WebTableTest" time="2.509">
    <skipped/>
  </testcase> <!-- WebTableTest -->
  <testcase classname="Pages.HomePage" name="WebTableTest" time="1.297">
    <failure type="org.openqa.selenium.ElementClickInterceptedException" message="element click intercepted: Element &amp;lt;a href=&amp;quot;https://askmeoffers.com/news/three-year-review-a-comprehensive-analysis-of-hostgators-hosting-services-for-performance-reliability-and-support/&amp;quot; rel=&amp;quot;bookmark&amp;quot;&amp;gt;...&amp;lt;/a&amp;gt; is not clickable at point (1004, 124). Other element would receive the click: &amp;lt;input type=&amp;quot;text&amp;quot; id=&amp;quot;my-input-inside&amp;quot; autocomplete=&amp;quot;off&amp;quot; value=&amp;quot;&amp;quot; name=&amp;quot;title&amp;quot; on=&amp;quot;input-throttled:AMP.setState({searchmydata:event.value, searchlength:event.value.length})&amp;quot; placeholder=&amp;quot;Search for stores, coupons &amp;amp;amp; offers...&amp;quot;&amp;gt;
  (Session info: chrome=131.0.6778.140)
Build info: version: &amp;apos;3.14.0&amp;apos;, revision: &amp;apos;aacccce0&amp;apos;, time: &amp;apos;2018-08-02T20:19:58.91Z&amp;apos;
System info: host: &amp;apos;THAMU&amp;apos;, ip: &amp;apos;172.31.208.1&amp;apos;, os.name: &amp;apos;Windows 10&amp;apos;, os.arch: &amp;apos;amd64&amp;apos;, os.version: &amp;apos;10.0&amp;apos;, java.version: &amp;apos;18.0.1&amp;apos;
Driver info: org.openqa.selenium.chrome.ChromeDriver
Capabilities {acceptInsecureCerts: false, browserName: chrome, browserVersion: 131.0.6778.140, chrome: {chromedriverVersion: 130.0.6723.69 (3ec172b971b9..., userDataDir: C:\Users\Admin\AppData\Loca...}, fedcm:accounts: true, goog:chromeOptions: {debuggerAddress: localhost:58927}, javascriptEnabled: true, networkConnectionEnabled: false, pageLoadStrategy: normal, platform: WINDOWS, platformName: WINDOWS, proxy: Proxy(), setWindowRect: true, strictFileInteractability: false, timeouts: {implicit: 0, pageLoad: 300000, script: 30000}, unhandledPromptBehavior: dismiss and notify, webauthn:extension:credBlob: true, webauthn:extension:largeBlob: true, webauthn:extension:minPinLength: true, webauthn:extension:prf: true, webauthn:virtualAuthenticators: true}
Session ID: 5ecd4b7e0f617788954793ee2594ef8d">
      <![CDATA[org.openqa.selenium.ElementClickInterceptedException: element click intercepted: Element <a href="https://askmeoffers.com/news/three-year-review-a-comprehensive-analysis-of-hostgators-hosting-services-for-performance-reliability-and-support/" rel="bookmark">...</a> is not clickable at point (1004, 124). Other element would receive the click: <input type="text" id="my-input-inside" autocomplete="off" value="" name="title" on="input-throttled:AMP.setState({searchmydata:event.value, searchlength:event.value.length})" placeholder="Search for stores, coupons &amp; offers...">
  (Session info: chrome=131.0.6778.140)
Build info: version: '3.14.0', revision: 'aacccce0', time: '2018-08-02T20:19:58.91Z'
System info: host: 'THAMU', ip: '172.31.208.1', os.name: 'Windows 10', os.arch: 'amd64', os.version: '10.0', java.version: '18.0.1'
Driver info: org.openqa.selenium.chrome.ChromeDriver
Capabilities {acceptInsecureCerts: false, browserName: chrome, browserVersion: 131.0.6778.140, chrome: {chromedriverVersion: 130.0.6723.69 (3ec172b971b9..., userDataDir: C:\Users\Admin\AppData\Loca...}, fedcm:accounts: true, goog:chromeOptions: {debuggerAddress: localhost:58927}, javascriptEnabled: true, networkConnectionEnabled: false, pageLoadStrategy: normal, platform: WINDOWS, platformName: WINDOWS, proxy: Proxy(), setWindowRect: true, strictFileInteractability: false, timeouts: {implicit: 0, pageLoad: 300000, script: 30000}, unhandledPromptBehavior: dismiss and notify, webauthn:extension:credBlob: true, webauthn:extension:largeBlob: true, webauthn:extension:minPinLength: true, webauthn:extension:prf: true, webauthn:virtualAuthenticators: true}
Session ID: 5ecd4b7e0f617788954793ee2594ef8d
at java.base/jdk.internal.reflect.DirectConstructorHandleAccessor.newInstance(DirectConstructorHandleAccessor.java:67)
at java.base/java.lang.reflect.Constructor.newInstanceWithCaller(Constructor.java:499)
at java.base/java.lang.reflect.Constructor.newInstance(Constructor.java:483)
at org.openqa.selenium.remote.http.W3CHttpResponseCodec.createException(W3CHttpResponseCodec.java:187)
at org.openqa.selenium.remote.http.W3CHttpResponseCodec.decode(W3CHttpResponseCodec.java:122)
at org.openqa.selenium.remote.http.W3CHttpResponseCodec.decode(W3CHttpResponseCodec.java:49)
at org.openqa.selenium.remote.HttpCommandExecutor.execute(HttpCommandExecutor.java:158)
at org.openqa.selenium.remote.service.DriverCommandExecutor.execute(DriverCommandExecutor.java:83)
at org.openqa.selenium.remote.RemoteWebDriver.execute(RemoteWebDriver.java:548)
at org.openqa.selenium.remote.RemoteWebElement.execute(RemoteWebElement.java:276)
at org.openqa.selenium.remote.RemoteWebElement.click(RemoteWebElement.java:83)
at Pages.HomePage.WebTableTest(HomePage.java:251)
at java.base/jdk.internal.reflect.DirectMethodHandleAccessor.invoke(DirectMethodHandleAccessor.java:104)
at java.base/java.lang.reflect.Method.invoke(Method.java:577)
at org.testng.internal.MethodInvocationHelper.invokeMethod(MethodInvocationHelper.java:133)
at org.testng.internal.TestInvoker.invokeMethod(TestInvoker.java:598)
at org.testng.internal.TestInvoker.retryFailed(TestInvoker.java:213)
at org.testng.internal.MethodRunner.runInSequence(MethodRunner.java:58)
at org.testng.internal.TestInvoker$MethodInvocationAgent.invoke(TestInvoker.java:824)
at org.testng.internal.TestInvoker.invokeTestMethods(TestInvoker.java:146)
at org.testng.internal.TestMethodWorker.invokeTestMethods(TestMethodWorker.java:146)
at org.testng.internal.TestMethodWorker.run(TestMethodWorker.java:128)
at java.base/java.util.concurrent.ThreadPoolExecutor.runWorker(ThreadPoolExecutor.java:1136)
at java.base/java.util.concurrent.ThreadPoolExecutor$Worker.run(ThreadPoolExecutor.java:635)
at java.base/java.lang.Thread.run(Thread.java:833)
]]>
    </failure>
  </testcase> <!-- WebTableTest -->
  <testcase classname="Pages.HomePage" name="TopDealsTest" time="9.916">
    <skipped/>
  </testcase> <!-- TopDealsTest -->
  <testcase classname="Pages.HomePage" name="SearchResultPageTest" time="15.16">
    <skipped/>
  </testcase> <!-- SearchResultPageTest -->
  <testcase classname="Pages.HomePage" name="SearchResultPageTest" time="1.151">
    <skipped/>
  </testcase> <!-- SearchResultPageTest -->
  <testcase classname="Pages.HomePage" name="SearchResultPageTest" time="1.162">
    <skipped/>
  </testcase> <!-- SearchResultPageTest -->
  <testcase classname="Pages.HomePage" name="SocialNavigationLinkTest" time="14.669">
    <skipped/>
  </testcase> <!-- SocialNavigationLinkTest -->
  <testcase classname="Pages.HomePage" name="SearchResultPageTest" time="2.208">
    <failure type="org.openqa.selenium.ElementClickInterceptedException" message="element click intercepted: Element &amp;lt;input id=&amp;quot;headserpp&amp;quot; data-amp-bind-value=&amp;quot;vali&amp;quot; on=&amp;quot;tap:AMP.setState({visibleoverlay:0,openpopup: 1,searchmydata:&amp;apos;&amp;apos;,openmenudata:0,imageUrl:sliderimages[0].image_url,slide_url: sliderimages[0].slide_link,pno:0,frate:&amp;apos;&amp;apos;,fdate:&amp;apos;&amp;apos; }),my-input-inside.focus&amp;quot; autocomplete=&amp;quot;off&amp;quot; placeholder=&amp;quot;Search Stores For Coupons, Deals ...&amp;quot; type=&amp;quot;text&amp;quot; role=&amp;quot;textbox&amp;quot; tabindex=&amp;quot;0&amp;quot; i-amphtml-binding=&amp;quot;&amp;quot;&amp;gt; is not clickable at point (642, 57). Other element would receive the click: &amp;lt;input type=&amp;quot;text&amp;quot; id=&amp;quot;my-input-inside&amp;quot; autocomplete=&amp;quot;off&amp;quot; value=&amp;quot;&amp;quot; name=&amp;quot;title&amp;quot; on=&amp;quot;input-throttled:AMP.setState({searchmydata:event.value, searchlength:event.value.length})&amp;quot; placeholder=&amp;quot;Search for stores, coupons &amp;amp;amp; offers...&amp;quot;&amp;gt;
  (Session info: chrome=131.0.6778.140)
Build info: version: &amp;apos;3.14.0&amp;apos;, revision: &amp;apos;aacccce0&amp;apos;, time: &amp;apos;2018-08-02T20:19:58.91Z&amp;apos;
System info: host: &amp;apos;THAMU&amp;apos;, ip: &amp;apos;172.31.208.1&amp;apos;, os.name: &amp;apos;Windows 10&amp;apos;, os.arch: &amp;apos;amd64&amp;apos;, os.version: &amp;apos;10.0&amp;apos;, java.version: &amp;apos;18.0.1&amp;apos;
Driver info: org.openqa.selenium.chrome.ChromeDriver
Capabilities {acceptInsecureCerts: false, browserName: chrome, browserVersion: 131.0.6778.140, chrome: {chromedriverVersion: 130.0.6723.69 (3ec172b971b9..., userDataDir: C:\Users\Admin\AppData\Loca...}, fedcm:accounts: true, goog:chromeOptions: {debuggerAddress: localhost:58927}, javascriptEnabled: true, networkConnectionEnabled: false, pageLoadStrategy: normal, platform: WINDOWS, platformName: WINDOWS, proxy: Proxy(), setWindowRect: true, strictFileInteractability: false, timeouts: {implicit: 0, pageLoad: 300000, script: 30000}, unhandledPromptBehavior: dismiss and notify, webauthn:extension:credBlob: true, webauthn:extension:largeBlob: true, webauthn:extension:minPinLength: true, webauthn:extension:prf: true, webauthn:virtualAuthenticators: true}
Session ID: 5ecd4b7e0f617788954793ee2594ef8d">
      <![CDATA[org.openqa.selenium.ElementClickInterceptedException: element click intercepted: Element <input id="headserpp" data-amp-bind-value="vali" on="tap:AMP.setState({visibleoverlay:0,openpopup: 1,searchmydata:'',openmenudata:0,imageUrl:sliderimages[0].image_url,slide_url: sliderimages[0].slide_link,pno:0,frate:'',fdate:'' }),my-input-inside.focus" autocomplete="off" placeholder="Search Stores For Coupons, Deals ..." type="text" role="textbox" tabindex="0" i-amphtml-binding=""> is not clickable at point (642, 57). Other element would receive the click: <input type="text" id="my-input-inside" autocomplete="off" value="" name="title" on="input-throttled:AMP.setState({searchmydata:event.value, searchlength:event.value.length})" placeholder="Search for stores, coupons &amp; offers...">
  (Session info: chrome=131.0.6778.140)
Build info: version: '3.14.0', revision: 'aacccce0', time: '2018-08-02T20:19:58.91Z'
System info: host: 'THAMU', ip: '172.31.208.1', os.name: 'Windows 10', os.arch: 'amd64', os.version: '10.0', java.version: '18.0.1'
Driver info: org.openqa.selenium.chrome.ChromeDriver
Capabilities {acceptInsecureCerts: false, browserName: chrome, browserVersion: 131.0.6778.140, chrome: {chromedriverVersion: 130.0.6723.69 (3ec172b971b9..., userDataDir: C:\Users\Admin\AppData\Loca...}, fedcm:accounts: true, goog:chromeOptions: {debuggerAddress: localhost:58927}, javascriptEnabled: true, networkConnectionEnabled: false, pageLoadStrategy: normal, platform: WINDOWS, platformName: WINDOWS, proxy: Proxy(), setWindowRect: true, strictFileInteractability: false, timeouts: {implicit: 0, pageLoad: 300000, script: 30000}, unhandledPromptBehavior: dismiss and notify, webauthn:extension:credBlob: true, webauthn:extension:largeBlob: true, webauthn:extension:minPinLength: true, webauthn:extension:prf: true, webauthn:virtualAuthenticators: true}
Session ID: 5ecd4b7e0f617788954793ee2594ef8d
at java.base/jdk.internal.reflect.DirectConstructorHandleAccessor.newInstance(DirectConstructorHandleAccessor.java:67)
at java.base/java.lang.reflect.Constructor.newInstanceWithCaller(Constructor.java:499)
at java.base/java.lang.reflect.Constructor.newInstance(Constructor.java:483)
at org.openqa.selenium.remote.http.W3CHttpResponseCodec.createException(W3CHttpResponseCodec.java:187)
at org.openqa.selenium.remote.http.W3CHttpResponseCodec.decode(W3CHttpResponseCodec.java:122)
at org.openqa.selenium.remote.http.W3CHttpResponseCodec.decode(W3CHttpResponseCodec.java:49)
at org.openqa.selenium.remote.HttpCommandExecutor.execute(HttpCommandExecutor.java:158)
at org.openqa.selenium.remote.service.DriverCommandExecutor.execute(DriverCommandExecutor.java:83)
at org.openqa.selenium.remote.RemoteWebDriver.execute(RemoteWebDriver.java:548)
at org.openqa.selenium.remote.RemoteWebElement.execute(RemoteWebElement.java:276)
at org.openqa.selenium.remote.RemoteWebElement.click(RemoteWebElement.java:83)
at Pages.HomePage.SearchResultPageTest(HomePage.java:230)
at java.base/jdk.internal.reflect.DirectMethodHandleAccessor.invoke(DirectMethodHandleAccessor.java:104)
at java.base/java.lang.reflect.Method.invoke(Method.java:577)
at org.testng.internal.MethodInvocationHelper.invokeMethod(MethodInvocationHelper.java:133)
at org.testng.internal.TestInvoker.invokeMethod(TestInvoker.java:598)
at org.testng.internal.TestInvoker.retryFailed(TestInvoker.java:213)
at org.testng.internal.MethodRunner.runInSequence(MethodRunner.java:58)
at org.testng.internal.TestInvoker$MethodInvocationAgent.invoke(TestInvoker.java:824)
at org.testng.internal.TestInvoker.invokeTestMethods(TestInvoker.java:146)
at org.testng.internal.TestMethodWorker.invokeTestMethods(TestMethodWorker.java:146)
at org.testng.internal.TestMethodWorker.run(TestMethodWorker.java:128)
at java.base/java.util.concurrent.ThreadPoolExecutor.runWorker(ThreadPoolExecutor.java:1136)
at java.base/java.util.concurrent.ThreadPoolExecutor$Worker.run(ThreadPoolExecutor.java:635)
at java.base/java.lang.Thread.run(Thread.java:833)
]]>
    </failure>
  </testcase> <!-- SearchResultPageTest -->
  <testcase classname="Pages.HomePage" name="TopDealsTest" time="7.138">
    <skipped/>
  </testcase> <!-- TopDealsTest -->
  <testcase classname="Pages.HomePage" name="SocialNavigationLinkTest" time="4.014">
    <skipped/>
  </testcase> <!-- SocialNavigationLinkTest -->
  <testcase classname="Pages.HomePage" name="TopDealsTest" time="2.569">
    <skipped/>
  </testcase> <!-- TopDealsTest -->
  <testcase classname="Pages.HomePage" name="TopDealsTest" time="1.417">
    <failure type="org.openqa.selenium.ElementClickInterceptedException" message="element click intercepted: Element &amp;lt;a class=&amp;quot;clsdeallink&amp;quot; href=&amp;quot;https://askmeoffers.com/aliexpress-coupons/&amp;quot; title=&amp;quot;View ALIEXPRESS Deals&amp;quot; aria-label=&amp;quot;View ALIEXPRESS Deals&amp;quot;&amp;gt;...&amp;lt;/a&amp;gt; is not clickable at point (1138, 21). Other element would receive the click: &amp;lt;div class=&amp;quot;cntr&amp;quot;&amp;gt;...&amp;lt;/div&amp;gt;
  (Session info: chrome=131.0.6778.140)
Build info: version: &amp;apos;3.14.0&amp;apos;, revision: &amp;apos;aacccce0&amp;apos;, time: &amp;apos;2018-08-02T20:19:58.91Z&amp;apos;
System info: host: &amp;apos;THAMU&amp;apos;, ip: &amp;apos;172.31.208.1&amp;apos;, os.name: &amp;apos;Windows 10&amp;apos;, os.arch: &amp;apos;amd64&amp;apos;, os.version: &amp;apos;10.0&amp;apos;, java.version: &amp;apos;18.0.1&amp;apos;
Driver info: org.openqa.selenium.chrome.ChromeDriver
Capabilities {acceptInsecureCerts: false, browserName: chrome, browserVersion: 131.0.6778.140, chrome: {chromedriverVersion: 130.0.6723.69 (3ec172b971b9..., userDataDir: C:\Users\Admin\AppData\Loca...}, fedcm:accounts: true, goog:chromeOptions: {debuggerAddress: localhost:58927}, javascriptEnabled: true, networkConnectionEnabled: false, pageLoadStrategy: normal, platform: WINDOWS, platformName: WINDOWS, proxy: Proxy(), setWindowRect: true, strictFileInteractability: false, timeouts: {implicit: 0, pageLoad: 300000, script: 30000}, unhandledPromptBehavior: dismiss and notify, webauthn:extension:credBlob: true, webauthn:extension:largeBlob: true, webauthn:extension:minPinLength: true, webauthn:extension:prf: true, webauthn:virtualAuthenticators: true}
Session ID: 5ecd4b7e0f617788954793ee2594ef8d">
      <![CDATA[org.openqa.selenium.ElementClickInterceptedException: element click intercepted: Element <a class="clsdeallink" href="https://askmeoffers.com/aliexpress-coupons/" title="View ALIEXPRESS Deals" aria-label="View ALIEXPRESS Deals">...</a> is not clickable at point (1138, 21). Other element would receive the click: <div class="cntr">...</div>
  (Session info: chrome=131.0.6778.140)
Build info: version: '3.14.0', revision: 'aacccce0', time: '2018-08-02T20:19:58.91Z'
System info: host: 'THAMU', ip: '172.31.208.1', os.name: 'Windows 10', os.arch: 'amd64', os.version: '10.0', java.version: '18.0.1'
Driver info: org.openqa.selenium.chrome.ChromeDriver
Capabilities {acceptInsecureCerts: false, browserName: chrome, browserVersion: 131.0.6778.140, chrome: {chromedriverVersion: 130.0.6723.69 (3ec172b971b9..., userDataDir: C:\Users\Admin\AppData\Loca...}, fedcm:accounts: true, goog:chromeOptions: {debuggerAddress: localhost:58927}, javascriptEnabled: true, networkConnectionEnabled: false, pageLoadStrategy: normal, platform: WINDOWS, platformName: WINDOWS, proxy: Proxy(), setWindowRect: true, strictFileInteractability: false, timeouts: {implicit: 0, pageLoad: 300000, script: 30000}, unhandledPromptBehavior: dismiss and notify, webauthn:extension:credBlob: true, webauthn:extension:largeBlob: true, webauthn:extension:minPinLength: true, webauthn:extension:prf: true, webauthn:virtualAuthenticators: true}
Session ID: 5ecd4b7e0f617788954793ee2594ef8d
at java.base/jdk.internal.reflect.DirectConstructorHandleAccessor.newInstance(DirectConstructorHandleAccessor.java:67)
at java.base/java.lang.reflect.Constructor.newInstanceWithCaller(Constructor.java:499)
at java.base/java.lang.reflect.Constructor.newInstance(Constructor.java:483)
at org.openqa.selenium.remote.http.W3CHttpResponseCodec.createException(W3CHttpResponseCodec.java:187)
at org.openqa.selenium.remote.http.W3CHttpResponseCodec.decode(W3CHttpResponseCodec.java:122)
at org.openqa.selenium.remote.http.W3CHttpResponseCodec.decode(W3CHttpResponseCodec.java:49)
at org.openqa.selenium.remote.HttpCommandExecutor.execute(HttpCommandExecutor.java:158)
at org.openqa.selenium.remote.service.DriverCommandExecutor.execute(DriverCommandExecutor.java:83)
at org.openqa.selenium.remote.RemoteWebDriver.execute(RemoteWebDriver.java:548)
at org.openqa.selenium.remote.RemoteWebElement.execute(RemoteWebElement.java:276)
at org.openqa.selenium.remote.RemoteWebElement.click(RemoteWebElement.java:83)
at Pages.HomePage.TopDealsTest(HomePage.java:278)
at java.base/jdk.internal.reflect.DirectMethodHandleAccessor.invoke(DirectMethodHandleAccessor.java:104)
at java.base/java.lang.reflect.Method.invoke(Method.java:577)
at org.testng.internal.MethodInvocationHelper.invokeMethod(MethodInvocationHelper.java:133)
at org.testng.internal.TestInvoker.invokeMethod(TestInvoker.java:598)
at org.testng.internal.TestInvoker.retryFailed(TestInvoker.java:213)
at org.testng.internal.MethodRunner.runInSequence(MethodRunner.java:58)
at org.testng.internal.TestInvoker$MethodInvocationAgent.invoke(TestInvoker.java:824)
at org.testng.internal.TestInvoker.invokeTestMethods(TestInvoker.java:146)
at org.testng.internal.TestMethodWorker.invokeTestMethods(TestMethodWorker.java:146)
at org.testng.internal.TestMethodWorker.run(TestMethodWorker.java:128)
at java.base/java.util.concurrent.ThreadPoolExecutor.runWorker(ThreadPoolExecutor.java:1136)
at java.base/java.util.concurrent.ThreadPoolExecutor$Worker.run(ThreadPoolExecutor.java:635)
at java.base/java.lang.Thread.run(Thread.java:833)
]]>
    </failure>
  </testcase> <!-- TopDealsTest -->
  <testcase classname="Pages.HomePage" name="SocialNavigationLinkTest" time="3.791">
    <failure type="org.openqa.selenium.ElementClickInterceptedException" message="element click intercepted: Element &amp;lt;li class=&amp;quot;menu-item menu-item-type-custom menu-item-object-custom menu-item-1016485&amp;quot;&amp;gt;...&amp;lt;/li&amp;gt; is not clickable at point (1174, 10). Other element would receive the click: &amp;lt;div class=&amp;quot;cntr&amp;quot;&amp;gt;...&amp;lt;/div&amp;gt;
  (Session info: chrome=131.0.6778.140)
Build info: version: &amp;apos;3.14.0&amp;apos;, revision: &amp;apos;aacccce0&amp;apos;, time: &amp;apos;2018-08-02T20:19:58.91Z&amp;apos;
System info: host: &amp;apos;THAMU&amp;apos;, ip: &amp;apos;172.31.208.1&amp;apos;, os.name: &amp;apos;Windows 10&amp;apos;, os.arch: &amp;apos;amd64&amp;apos;, os.version: &amp;apos;10.0&amp;apos;, java.version: &amp;apos;18.0.1&amp;apos;
Driver info: org.openqa.selenium.chrome.ChromeDriver
Capabilities {acceptInsecureCerts: false, browserName: chrome, browserVersion: 131.0.6778.140, chrome: {chromedriverVersion: 130.0.6723.69 (3ec172b971b9..., userDataDir: C:\Users\Admin\AppData\Loca...}, fedcm:accounts: true, goog:chromeOptions: {debuggerAddress: localhost:58927}, javascriptEnabled: true, networkConnectionEnabled: false, pageLoadStrategy: normal, platform: WINDOWS, platformName: WINDOWS, proxy: Proxy(), setWindowRect: true, strictFileInteractability: false, timeouts: {implicit: 0, pageLoad: 300000, script: 30000}, unhandledPromptBehavior: dismiss and notify, webauthn:extension:credBlob: true, webauthn:extension:largeBlob: true, webauthn:extension:minPinLength: true, webauthn:extension:prf: true, webauthn:virtualAuthenticators: true}
Session ID: 5ecd4b7e0f617788954793ee2594ef8d">
      <![CDATA[org.openqa.selenium.ElementClickInterceptedException: element click intercepted: Element <li class="menu-item menu-item-type-custom menu-item-object-custom menu-item-1016485">...</li> is not clickable at point (1174, 10). Other element would receive the click: <div class="cntr">...</div>
  (Session info: chrome=131.0.6778.140)
Build info: version: '3.14.0', revision: 'aacccce0', time: '2018-08-02T20:19:58.91Z'
System info: host: 'THAMU', ip: '172.31.208.1', os.name: 'Windows 10', os.arch: 'amd64', os.version: '10.0', java.version: '18.0.1'
Driver info: org.openqa.selenium.chrome.ChromeDriver
Capabilities {acceptInsecureCerts: false, browserName: chrome, browserVersion: 131.0.6778.140, chrome: {chromedriverVersion: 130.0.6723.69 (3ec172b971b9..., userDataDir: C:\Users\Admin\AppData\Loca...}, fedcm:accounts: true, goog:chromeOptions: {debuggerAddress: localhost:58927}, javascriptEnabled: true, networkConnectionEnabled: false, pageLoadStrategy: normal, platform: WINDOWS, platformName: WINDOWS, proxy: Proxy(), setWindowRect: true, strictFileInteractability: false, timeouts: {implicit: 0, pageLoad: 300000, script: 30000}, unhandledPromptBehavior: dismiss and notify, webauthn:extension:credBlob: true, webauthn:extension:largeBlob: true, webauthn:extension:minPinLength: true, webauthn:extension:prf: true, webauthn:virtualAuthenticators: true}
Session ID: 5ecd4b7e0f617788954793ee2594ef8d
at java.base/jdk.internal.reflect.DirectConstructorHandleAccessor.newInstance(DirectConstructorHandleAccessor.java:67)
at java.base/java.lang.reflect.Constructor.newInstanceWithCaller(Constructor.java:499)
at java.base/java.lang.reflect.Constructor.newInstance(Constructor.java:483)
at org.openqa.selenium.remote.http.W3CHttpResponseCodec.createException(W3CHttpResponseCodec.java:187)
at org.openqa.selenium.remote.http.W3CHttpResponseCodec.decode(W3CHttpResponseCodec.java:122)
at org.openqa.selenium.remote.http.W3CHttpResponseCodec.decode(W3CHttpResponseCodec.java:49)
at org.openqa.selenium.remote.HttpCommandExecutor.execute(HttpCommandExecutor.java:158)
at org.openqa.selenium.remote.service.DriverCommandExecutor.execute(DriverCommandExecutor.java:83)
at org.openqa.selenium.remote.RemoteWebDriver.execute(RemoteWebDriver.java:548)
at org.openqa.selenium.remote.RemoteWebElement.execute(RemoteWebElement.java:276)
at org.openqa.selenium.remote.RemoteWebElement.click(RemoteWebElement.java:83)
at Pages.HomePage.SocialNavigationLinkTest(HomePage.java:83)
at java.base/jdk.internal.reflect.DirectMethodHandleAccessor.invoke(DirectMethodHandleAccessor.java:104)
at java.base/java.lang.reflect.Method.invoke(Method.java:577)
at org.testng.internal.MethodInvocationHelper.invokeMethod(MethodInvocationHelper.java:133)
at org.testng.internal.TestInvoker.invokeMethod(TestInvoker.java:598)
at org.testng.internal.TestInvoker.retryFailed(TestInvoker.java:213)
at org.testng.internal.MethodRunner.runInSequence(MethodRunner.java:58)
at org.testng.internal.TestInvoker$MethodInvocationAgent.invoke(TestInvoker.java:824)
at org.testng.internal.TestInvoker.invokeTestMethods(TestInvoker.java:146)
at org.testng.internal.TestMethodWorker.invokeTestMethods(TestMethodWorker.java:146)
at org.testng.internal.TestMethodWorker.run(TestMethodWorker.java:128)
at java.base/java.util.concurrent.ThreadPoolExecutor.runWorker(ThreadPoolExecutor.java:1136)
at java.base/java.util.concurrent.ThreadPoolExecutor$Worker.run(ThreadPoolExecutor.java:635)
at java.base/java.lang.Thread.run(Thread.java:833)
]]>
    </failure>
  </testcase> <!-- SocialNavigationLinkTest -->
</testsuite> <!-- Smoke -->
